[    1222ms] [ERROR] Failed to load resource: the server responded with a status of 422 () @ https://match.sharethrough.com/FGMrCMMc/v1?gdpr=1&gdpr_consent=CQhkbtgQhkbtgAfMFBENCXFsAP_gAEPgAAigLPtR_C_fbWlj-TL3abskeYxf99hr5sQxBgLJo04BzDrW5JwD12EyNEzShqAKmRIAqnRBIQFtGAjURUABIIAVJSDsYESUgRNIJuBAgHMRQwNYCFhvmYthGQCRwkpzYxZgmRsM6Vru2NxAw5gjPUSVIqQlUJgdCYMoGQmsZBKT87IU9-x-_4vw9MboEm-eSVv_tStt41cIABAAJAAgAAAgBAAAAAAABISAAAAAQAAAEAgEAAAAAAgreACYKFRBCWBAAEAgIQQIAFBWEAFAgCAAAIGiAgBMGBDkDABVYTIAQAIAAAgBAACCAAEAAAkACEQAQAEAgBAgACgABAAAAAgAYEAAMAFCABAACA6BimABAIFAAkBhEGCBCAAgEALYUABAECAsAIQAoABAiBgIAAAQACgAAAHwsBCSQErEggCwgugAAIAAAogRIEUhRgAAAAAEACAAACAEAAAAAAAABAAAAAAAAAAACAAA.ILPtR_C_fbWlj-TL3abskeYxf99hr5sQxBgLJo04BzDrW5JwD12EyNEzShqAKmRIAqnRBIQFtGAjURUABIIAVJSDsYESUgRNIJuBAgHMRQwNYCFhvmYthGQCRwkpzYxZgmRsM6Vru2NxAw5gjPUSVIqQlUJgdCYMoGQmsZBKT87IU9-x-_4vw9MboEm-eSVv_tStt41cIABAAJAAgAAAgBAAAAAAABISAAAAAQAAAEAgEAAAAAAg&us_privacy=&gpp=&gpp_sid=&redirectUri=https%3A%2F%2Fprebidserver.refinery89.com%2Fsetuid%3Fbidder%3Dsharethrough%26gdpr%3D1%26gdpr_consent%3DCQhkbtgQhkbtgAfMFBENCXFsAP_gAEPgAAigLPtR_C_fbWlj-TL3abskeYxf99hr5sQxBgLJo04BzDrW5JwD12EyNEzShqAKmRIAqnRBIQFtGAjURUABIIAVJSDsYESUgRNIJuBAgHMRQwNYCFhvmYthGQCRwkpzYxZgmRsM6Vru2NxAw5gjPUSVIqQlUJgdCYMoGQmsZBKT87IU9-x-_4vw9MboEm-eSVv_tStt41cIABAAJAAgAAAgBAAAAAAABISAAAAAQAAAEAgEAAAAAAgreACYKFRBCWBAAEAgIQQIAFBWEAFAgCAAAIGiAgBMGBDkDABVYTIAQAIAAAgBAACCAAEAAAkACEQAQAEAgBAgACgABAAAAAgAYEAAMAFCABAACA6BimABAIFAAkBhEGCBCAAgEALYUABAECAsAIQAoABAiBgIAAAQACgAAAHwsBCSQErEggCwgugAAIAAAogRIEUhRgAAAAAEACAAACAEAAAAAAAABAAAAAAAAAAACAAA.ILPtR_C_fbWlj-TL3abskeYxf99hr5sQxBgLJo04BzDrW5JwD12EyNEzShqAKmRIAqnRBIQFtGAjURUABIIAVJSDsYESUgRNIJuBAgHMRQwNYCFhvmYthGQCRwkpzYxZgmRsM6Vru2NxAw5gjPUSVIqQlUJgdCYMoGQmsZBKT87IU9-x-_4vw9MboEm-eSVv_tStt41cIABAAJAAgAAAgBAAAAAAABISAAAAAQAAAEAgEAAAAAAg%26us_privacy%3D%26gpp%3D%26gpp_sid%3D%26f%3Di%26uid%3D%24UID:0
[    1556ms] [ERROR] Failed to load resource: the server responded with a status of 400 () @ https://api.id5-sync.com/analytics/event:0
[    1633ms] [ERROR] Failed to load resource: net::ERR_NAME_NOT_RESOLVED @ https://api-v6.prod.first-id.fr/info:0
[    2017ms] [ERROR] Failed to load resource: the server responded with a status of 451 () @ https://crb.kargo.com/api/v1/dinitsync?partners=A9:0
[    2184ms] [ERROR] Attestation check for Shared Storage on https://www.googleadservices.com failed. @ https://www.googleadservices.com/pagead/managed/js/activeview/current/reach_worklet.html:0
[    2218ms] [ERROR] Attestation check for Shared Storage on https://www.googleadservices.com failed. @ https://www.googleadservices.com/pagead/managed/js/activeview/current/reach_worklet.html:0
[    2184ms] [ERROR] Attestation check for Shared Storage on https://www.googleadservices.com failed. @ https://www.googleadservices.com/pagead/managed/js/activeview/current/reach_worklet.html:0
[    2218ms] [ERROR] Attestation check for Shared Storage on https://www.googleadservices.com failed. @ https://www.googleadservices.com/pagead/managed/js/activeview/current/reach_worklet.html:0
[    2280ms] [ERROR] Attestation check for Shared Storage on https://www.googleadservices.com failed. @ https://www.googleadservices.com/pagead/managed/js/activeview/current/reach_worklet.html:0
[    2808ms] [ERROR] Failed to load resource: the server responded with a status of 400 () @ https://api.id5-sync.com/analytics/event:0
[    3186ms] [ERROR] Failed to load resource: the server responded with a status of 400 () @ https://api.id5-sync.com/analytics/event:0
[    2184ms] [ERROR] Attestation check for Shared Storage on https://www.googleadservices.com failed. @ https://www.googleadservices.com/pagead/managed/js/activeview/current/reach_worklet.html:0
[    2218ms] [ERROR] Attestation check for Shared Storage on https://www.googleadservices.com failed. @ https://www.googleadservices.com/pagead/managed/js/activeview/current/reach_worklet.html:0
[    2280ms] [ERROR] Attestation check for Shared Storage on https://www.googleadservices.com failed. @ https://www.googleadservices.com/pagead/managed/js/activeview/current/reach_worklet.html:0
[    3346ms] [ERROR] Attestation check for Shared Storage on https://www.googleadservices.com failed. @ https://www.googleadservices.com/pagead/managed/js/activeview/current/reach_worklet.html:0
[    4205ms] [ERROR] Attestation check for Shared Storage on https://securepubads.g.doubleclick.net failed. @ https://imasdk.googleapis.com/js/core/bridge3.752.0_en.html?gdpr=1#deid=%22%22&eventfe_experiment_ids=%5B%5D&fid=%22goog_1849903590%22&genotype_experiment_data=%7B%22experimentStateProto%22%3A%22%5B%5B%5B45713128%2Cnull%2Cnull%2C%5B%5D%5D%2C%5Bnull%2C745150931%2Cnull%2C%5Bnull%2C1%5D%5D%2C%5Bnull%2C749060184%2Cnull%2C%5Bnull%2C128%5D%5D%2C%5B841585769%2Cnull%2Cnull%2C%5B1%5D%5D%2C%5B45761044%2Cnull%2Cnull%2C%5B%5D%5D%2C%5B45722344%2Cnull%2Cnull%2C%5B%5D%5D%2C%5B45706017%2Cnull%2Cnull%2C%5B1%5D%5D%2C%5B45740207%2Cnull%2Cnull%2C%5B%5D%5D%2C%5B45668885%2Cnull%2Cnull%2C%5B%5D%5D%2C%5B45685340%2Cnull%2Cnull%2C%5B%5D%5D%2C%5B45765927%2Cnull%2Cnull%2C%5B%5D%5D%2C%5B45734716%2Cnull%2Cnull%2C%5B%5D%5D%2C%5B45735891%2Cnull%2Cnull%2C%5B%5D%5D%2C%5B45663239%2Cnull%2Cnull%2C%5B%5D%5D%2C%5B45715032%2Cnull%2Cnull%2C%5B1%5D%5D%2C%5B45661356%2Cnull%2Cnull%2C%5B%5D%5D%2C%5B839547366%2Cnull%2Cnull%2C%5B1%5D%5D%2C%5B45676441%2Cnull%2Cnull%2C%5B%5D%5D%2C%5Bnull%2C45645574%2Cnull%2C%5B%5D%5D%2C%5B45688859%2Cnull%2Cnull%2C%5B%5D%5D%2C%5B45656766%2Cnull%2Cnull%2C%5B%5D%5D%2C%5B45710689%2Cnull%2Cnull%2C%5B%5D%5D%2C%5B45710688%2Cnull%2Cnull%2C%5B1%5D%5D%2C%5B45685601%2Cnull%2Cnull%2C%5B%5D%5D%2C%5Bnull%2C45685602%2Cnull%2C%5Bnull%2C500%5D%5D%2C%5Bnull%2C45767902%2Cnull%2C%5Bnull%2C500%5D%5D%2C%5B45756824%2Cnull%2Cnull%2C%5B%5D%5D%2C%5B45747172%2Cnull%2Cnull%2C%5B%5D%5D%2C%5B775241416%2Cnull%2Cnull%2C%5B%5D%5D%2C%5B781107959%2Cnull%2Cnull%2C%5B%5D%5D%2C%5B781107958%2Cnull%2Cnull%2C%5B%5D%5D%2C%5B792614055%2Cnull%2Cnull%2C%5B%5D%5D%2C%5B781107957%2Cnull%2Cnull%2C%5B%5D%5D%2C%5B45729602%2Cnull%2Cnull%2C%5B%5D%5D%2C%5B45753603%2Cnull%2Cnull%2C%5B%5D%5D%2C%5B45753604%2Cnull%2Cnull%2C%5B%5D%5D%2C%5B45658982%2Cnull%2Cnull%2C%5B%5D%5D%2C%5B45725657%2Cnull%2Cnull%2C%5B%5D%5D%5D%2C%5B%5B16%2C%5B%5B1%2C%5B%5B31089630%5D%2C%5B31089631%2C%5B%5B45668885%2Cnull%2Cnull%2C%5B1%5D%5D%5D%5D%5D%5D%2C%5B1000%2C%5B%5B95332046%5D%5D%5D%2C%5Bnull%2C%5B%5B95332047%5D%5D%5D%2C%5B10%2C%5B%5B95338769%2C%5B%5Bnull%2C45645574%2Cnull%2C%5Bnull%2C1%5D%5D%5D%5D%2C%5B95338770%2C%5B%5Bnull%2C45645574%2Cnull%2C%5Bnull%2C2%5D%5D%5D%5D%5D%5D%2C%5B50%2C%5B%5B95345206%5D%2C%5B95345207%2C%5B%5B45661356%2Cnull%2Cnull%2C%5B1%5D%5D%5D%5D%5D%5D%2C%5B1%2C%5B%5B95351425%5D%2C%5B95351426%2C%5B%5B45676441%2Cnull%2Cnull%2C%5B1%5D%5D%5D%5D%5D%5D%2C%5B20%2C%5B%5B95356068%5D%2C%5B95356069%2C%5B%5B45685601%2Cnull%2Cnull%2C%5B%5D%5D%2C%5Bnull%2C45685602%2Cnull%2C%5B%5D%5D%5D%5D%2C%5B95356070%2C%5B%5B45685601%2Cnull%2Cnull%2C%5B1%5D%5D%2C%5Bnull%2C45685602%2Cnull%2C%5B%5D%5D%5D%5D%2C%5B95356071%2C%5B%5B45685601%2Cnull%2Cnull%2C%5B1%5D%5D%2C%5Bnull%2C45685602%2Cnull%2C%5Bnull%2C100%5D%5D%5D%5D%5D%5D%2C%5B1%2C%5B%5B95373378%2C%5B%5B792614055%2Cnull%2Cnull%2C%5B1%5D%5D%5D%5D%2C%5B95373379%2C%5B%5B45747172%2Cnull%2Cnull%2C%5B1%5D%5D%2C%5B781107959%2Cnull%2Cnull%2C%5B1%5D%5D%2C%5B792614055%2Cnull%2Cnull%2C%5B1%5D%5D%2C%5B781107957%2Cnull%2Cnull%2C%5B1%5D%5D%5D%5D%5D%5D%2C%5Bnull%2C%5B%5B95375930%5D%2C%5B95375931%2C%5B%5B45734716%2Cnull%2Cnull%2C%5B1%5D%5D%5D%5D%2C%5B95376520%2C%5B%5B45734716%2Cnull%2Cnull%2C%5B1%5D%5D%2C%5B45735891%2Cnull%2Cnull%2C%5B1%5D%5D%5D%5D%5D%5D%2C%5Bnull%2C%5B%5B95378095%5D%2C%5B95378096%2C%5B%5B45740207%2Cnull%2Cnull%2C%5B1%5D%5D%5D%5D%5D%5D%2C%5B10%2C%5B%5B95378629%5D%2C%5B95378630%2C%5B%5B45729602%2Cnull%2Cnull%2C%5B1%5D%5D%5D%5D%2C%5B95381582%2C%5B%5B45729602%2Cnull%2Cnull%2C%5B1%5D%5D%2C%5B45753603%2Cnull%2Cnull%2C%5B1%5D%5D%5D%5D%2C%5B95381583%2C%5B%5B45729602%2Cnull%2Cnull%2C%5B1%5D%5D%2C%5B45753604%2Cnull%2Cnull%2C%5B1%5D%5D%5D%5D%5D%5D%2C%5B10%2C%5B%5B95382403%5D%2C%5B95386528%2C%5B%5Bnull%2C45767902%2Cnull%2C%5B%5D%5D%2C%5B45756824%2Cnull%2Cnull%2C%5B1%5D%5D%5D%5D%2C%5B95386532%2C%5B%5Bnull%2C45767902%2Cnull%2C%5Bnull%2C100%5D%5D%2C%5B45756824%2Cnull%2Cnull%2C%5B1%5D%5D%5D%5D%2C%5B95386533%2C%5B%5Bnull%2C45767902%2Cnull%2C%5Bnull%2C300%5D%5D%2C%5B45756824%2Cnull%2Cnull%2C%5B1%5D%5D%5D%5D%2C%5B95386534%2C%5B%5Bnull%2C45767902%2Cnull%2C%5Bnull%2C500%5D%5D%2C%5B45756824%2Cnull%2Cnull%2C%5B1%5D%5D%5D%5D%5D%5D%2C%5B1%2C%5B%5B95384561%5D%2C%5B95384562%2C%5B%5B846355750%2Cnull%2Cnull%2C%5B1%5D%5D%5D%5D%5D%5D%2C%5B10%2C%5B%5B95385117%5D%2C%5B95385118%2C%5B%5B45761044%2Cnull%2Cnull%2C%5B1%5D%5D%5D%5D%5D%5D%2C%5Bnull%2C%5B%5B95385193%5D%2C%5B95385194%2C%5B%5B45765927%2Cnull%2Cnull%2C%5B1%5D%5D%5D%5D%5D%5D%5D%5D%5D%2Cnull%2Cnull%2C%5Bnull%2C1000%2C1%2C1000%5D%5D%22%7D&imalib_experiments=%5B95322027%2C95331589%2C95332046%5D&is_eap_loader=false&managed_js_experiment_id=0&page_correlator=1051617720545966&pvsid=4307344327961094&top_accessible_page_url=%22https%3A%2F%2Fwww.procyclingstats.com%2Frace%2Ftour-de-france%2F2025%2Fstages%22:0
[    4747ms] [ERROR] Failed to load resource: the server responded with a status of 400 () @ https://match.prod.bidr.io/cookie-sync/gum:0
[   31718ms] [ERROR] Failed to load resource: net::ERR_CONNECTION_RESET @ https://cs.admanmedia.com/2e2cd80ed2c36fa49cf9580703081ade.gif?puid=d949a954-6619-4572-acf5-eb6893285f65&redir=https%3A%2F%2Fms-cookie-sync.presage.io%2Fuser-sync%3Fillumin_id%3D%5BUID%5D%26gdpr%3D1%26gdpr_consent%3DCQhkbtgQhkbtgAfMFBENCXFsAP_gAEPgAAigLPtR_C_fbWlj-TL3abskeYxf99hr5sQxBgLJo04BzDrW5JwD12EyNEzShqAKmRIAqnRBIQFtGAjURUABIIAVJSDsYESUgRNIJuBAgHMRQwNYCFhvmYthGQCRwkpzYxZgmRsM6Vru2NxAw5gjPUSVIqQlUJgdCYMoGQmsZBKT87IU9-x-_4vw9MboEm-eSVv_tStt41cIABAAJAAgAAAgBAAAAAAABISAAAAAQAAAEAgEAAAAAAgreACYKFRBCWBAAEAgIQQIAFBWEAFAgCAAAIGiAgBMGBDkDABVYTIAQAIAAAgBAACCAAEAAAkACEQAQAEAgBAgACgABAAAAAgAYEAAMAFCABAACA6BimABAIFAAkBhEGCBCAAgEALYUABAECAsAIQAoABAiBgIAAAQACgAAAHwsBCSQErEggCwgugAAIAAAogRIEUhRgAAAAAEACAAACAEAAAAAAAABAAAAAAAAAAACAAA.ILPtR_C_fbWlj-TL3abskeYxf99hr5sQxBgLJo04BzDrW5JwD12EyNEzShqAKmRIAqnRBIQFtGAjURUABIIAVJSDsYESUgRNIJuBAgHMRQwNYCFhvmYthGQCRwkpzYxZgmRsM6Vru2NxAw5gjPUSVIqQlUJgdCYMoGQmsZBKT87IU9-x-_4vw9MboEm-eSVv_tStt41cIABAAJAAgAAAgBAAAAAAABISAAAAAQAAAEAgEAAAAAAg&gdpr=1&gdpr_consent=CQhkbtgQhkbtgAfMFBENCXFsAP_gAEPgAAigLPtR_C_fbWlj-TL3abskeYxf99hr5sQxBgLJo04BzDrW5JwD12EyNEzShqAKmRIAqnRBIQFtGAjURUABIIAVJSDsYESUgRNIJuBAgHMRQwNYCFhvmYthGQCRwkpzYxZgmRsM6Vru2NxAw5gjPUSVIqQlUJgdCYMoGQmsZBKT87IU9-x-_4vw9MboEm-eSVv_tStt41cIABAAJAAgAAAgBAAAAAAABISAAAAAQAAAEAgEAAAAAAgreACYKFRBCWBAAEAgIQQIAFBWEAFAgCAAAIGiAgBMGBDkDABVYTIAQAIAAAgBAACCAAEAAAkACEQAQAEAgBAgACgABAAAAAgAYEAAMAFCABAACA6BimABAIFAAkBhEGCBCAAgEALYUABAECAsAIQAoABAiBgIAAAQACgAAAHwsBCSQErEggCwgugAAIAAAogRIEUhRgAAAAAEACAAACAEAAAAAAAABAAAAAAAAAAACAAA.ILPtR_C_fbWlj-TL3abskeYxf99hr5sQxBgLJo04BzDrW5JwD12EyNEzShqAKmRIAqnRBIQFtGAjURUABIIAVJSDsYESUgRNIJuBAgHMRQwNYCFhvmYthGQCRwkpzYxZgmRsM6Vru2NxAw5gjPUSVIqQlUJgdCYMoGQmsZBKT87IU9-x-_4vw9MboEm-eSVv_tStt41cIABAAJAAgAAAgBAAAAAAABISAAAAAQAAAEAgEAAAAAAg:0
[   39709ms] [ERROR] Failed to load resource: the server responded with a status of 400 () @ https://api.id5-sync.com/analytics/event:0
[   39820ms] [ERROR] Failed to load resource: the server responded with a status of 400 () @ https://api.id5-sync.com/analytics/event:0
[    2184ms] [ERROR] Attestation check for Shared Storage on https://www.googleadservices.com failed. @ https://www.googleadservices.com/pagead/managed/js/activeview/current/reach_worklet.html:0
[    2218ms] [ERROR] Attestation check for Shared Storage on https://www.googleadservices.com failed. @ https://www.googleadservices.com/pagead/managed/js/activeview/current/reach_worklet.html:0
[    2280ms] [ERROR] Attestation check for Shared Storage on https://www.googleadservices.com failed. @ https://www.googleadservices.com/pagead/managed/js/activeview/current/reach_worklet.html:0
[    3346ms] [ERROR] Attestation check for Shared Storage on https://www.googleadservices.com failed. @ https://www.googleadservices.com/pagead/managed/js/activeview/current/reach_worklet.html:0
[   40223ms] [ERROR] Attestation check for Shared Storage on https://www.googleadservices.com failed. @ https://www.googleadservices.com/pagead/managed/js/activeview/current/reach_worklet.html:0
[   40330ms] SecurityError: Failed to read a named property 'omid' from 'Window': Blocked a frame with origin "https://aax-events-cell01-cf.eu-west.aps.axp.amazon-adsystem.com" from accessing a cross-origin frame.
    at tpxi (https://aax-events-cell01-cf.eu-west.aps.axp.amazon-adsystem.com/e/dtb/admi?b=JIwt4bjY7zQzeh1fq1CHc7sAAAGdIScSCAMAAAJYAUFhcHNfdHhuX2JpZDEgICBhcHNfdHhuX2ltcDEgICCzX5XF&rnd=6773771967821774377703245&pp=tjahvk&p=127ft34&crid=2413_2179:594094012289214995:6:5362)
    at https://aax-events-cell01-cf.eu-west.aps.axp.amazon-adsystem.com/e/dtb/admi?b=JIwt4bjY7zQzeh1fq1CHc7sAAAGdIScSCAMAAAJYAUFhcHNfdHhuX2JpZDEgICBhcHNfdHhuX2ltcDEgICCzX5XF&rnd=6773771967821774377703245&pp=tjahvk&p=127ft34&crid=2413_2179:594094012289214995:6:5421
[   40407ms] [ERROR] Failed to load resource: the server responded with a status of 400 () @ https://api.id5-sync.com/analytics/event:0
[    2184ms] [ERROR] Attestation check for Shared Storage on https://www.googleadservices.com failed. @ https://www.googleadservices.com/pagead/managed/js/activeview/current/reach_worklet.html:0
[    2218ms] [ERROR] Attestation check for Shared Storage on https://www.googleadservices.com failed. @ https://www.googleadservices.com/pagead/managed/js/activeview/current/reach_worklet.html:0
[    2280ms] [ERROR] Attestation check for Shared Storage on https://www.googleadservices.com failed. @ https://www.googleadservices.com/pagead/managed/js/activeview/current/reach_worklet.html:0
[    3346ms] [ERROR] Attestation check for Shared Storage on https://www.googleadservices.com failed. @ https://www.googleadservices.com/pagead/managed/js/activeview/current/reach_worklet.html:0
[   40223ms] [ERROR] Attestation check for Shared Storage on https://www.googleadservices.com failed. @ https://www.googleadservices.com/pagead/managed/js/activeview/current/reach_worklet.html:0
[   40640ms] [ERROR] Attestation check for Shared Storage on https://www.googleadservices.com failed. @ https://www.googleadservices.com/pagead/managed/js/activeview/current/reach_worklet.html:0
[   40803ms] [ERROR] [NoriLogger] Logger not available, error not logged: There was an issue adapting components.
TypeError: Cannot read properties of undefined (reading 'url')
 @ https://m.media-amazon.com/images/I/B1ITxVLxgzL.js:22
[   40810ms] [ERROR] TypeError: Cannot read properties of undefined (reading 'url')
    at xZ (https://m.media-amazon.com/images/I/B1ITxVLxgzL.js:23:1409701)
    at of (https://m.media-amazon.com/images/I/71-JbHMOPJL.js:109:301)
    at Rk (https://m.media-amazon.com/images/I/71-JbHMOPJL.js:250:214)
    at Si (https://m.media-amazon.com/images/I/71-JbHMOPJL.js:195:185)
    at Pk (https://m.media-amazon.com/images/I/71-JbHMOPJL.js:195:116)
    at Nd (https://m.media-amazon.com/images/I/71-JbHMOPJL.js:194:492)
    at Mi (https://m.media-amazon.com/images/I/71-JbHMOPJL.js:189:179)
    at db (https://m.media-amazon.com/images/I/71-JbHMOPJL.js:79:182)
    at zb (https://m.media-amazon.com/images/I/71-JbHMOPJL.js:190:156)
    at $k (https://m.media-amazon.com/images/I/71-JbHMOPJL.js:212:393) @ https://m.media-amazon.com/images/I/71-JbHMOPJL.js:120
[    2184ms] [ERROR] Attestation check for Shared Storage on https://www.googleadservices.com failed. @ https://www.googleadservices.com/pagead/managed/js/activeview/current/reach_worklet.html:0
[    2218ms] [ERROR] Attestation check for Shared Storage on https://www.googleadservices.com failed. @ https://www.googleadservices.com/pagead/managed/js/activeview/current/reach_worklet.html:0
[    2280ms] [ERROR] Attestation check for Shared Storage on https://www.googleadservices.com failed. @ https://www.googleadservices.com/pagead/managed/js/activeview/current/reach_worklet.html:0
[    3346ms] [ERROR] Attestation check for Shared Storage on https://www.googleadservices.com failed. @ https://www.googleadservices.com/pagead/managed/js/activeview/current/reach_worklet.html:0
[   40223ms] [ERROR] Attestation check for Shared Storage on https://www.googleadservices.com failed. @ https://www.googleadservices.com/pagead/managed/js/activeview/current/reach_worklet.html:0
[   40640ms] [ERROR] Attestation check for Shared Storage on https://www.googleadservices.com failed. @ https://www.googleadservices.com/pagead/managed/js/activeview/current/reach_worklet.html:0
[   41023ms] [ERROR] Attestation check for Shared Storage on https://www.googleadservices.com failed. @ https://www.googleadservices.com/pagead/managed/js/activeview/current/reach_worklet.html:0
[   41117ms] [WARNING] Origin not specified in model, cannot post loaded message to parent @ https://s0.2mdn.net/sadbundle/16782878981550345765/main.js:0
[   41182ms] [ERROR] Refused to apply style from 'https://s0.2mdn.net/sadbundle/16782878981550345765/videoInterface.css' because its MIME type ('image/gif') is not a supported stylesheet MIME type, and strict MIME checking is enabled. @ https://s0.2mdn.net/sadbundle/16782878981550345765/index.html?ev=01_262:0
[   41200ms] Object
[   42116ms] [ERROR] Attestation check for Attribution Reporting on https://ara.paa-reporting-advertising.amazon failed. @ https://www.procyclingstats.com/race/tour-de-france/2025/stages:0
[   42117ms] [ERROR] Attestation check for Shared Storage on https://ara.paa-reporting-advertising.amazon failed. @ https://aax-events-cell02-cf.eu-central.3px.axp.amazon-adsystem.com/e/is/bb8e6d0b6c85b2b1fc673047a9802fc9/creative?b=JMBmrsv4npWZmheFsxgEskQAAAGdISPfUgkAAAakAUEzcHhfdHhuX2JpZDEgICAzcHhfdHhuX2ltcDEgICDkcGjK&ct=https%3A%2F%2Fbeacon-nf.rubiconproject.com%2Fbeacon%2Fv3%2Frs%2Ffra2%2F0%2F46a0c4a5-c40e-4ec6-a1d9-9a34eb9f541c%2F0%2Fn9SFnkGSMSMLsAwVuF9WWEmA_Ao%2F&bi=cfv1_CFimEmMpmsGU0xb2evguwwuKHmJ2XbMczFtihVXCDzWSKY31VoxA56F-iipAnTe7nLQywI8bkHjN7Uy8ZwZ4AFdlZ6H-NGefcyjHCJEdKzLbZK1zhB5foNJEWE6zAM-PFdr-QDzzlNkyDWkesXrdV0ZMax9B465RL3pNfbYWYhGLxOCFsFc5U0GwGJHMH4YEJVgsX8f1sKdQa15SL_Z-ZPIostSSpPIWDRPuO6xt6CtEv49znr2SVkR51kOimUN9FVfiEd7J5EVExmAAAJlVcDjtJFSjtSDeA-Gi3pbqd6gAJkae4IK91wq8Uwr8IreK7dI51d9Kdv3DprbiM_aOL-RVyMtfURkXlZcG_OVCPppC7V5kDmadxT6v_osWTFGOQBhWl2Pdo3oR_hPkIazXVWVjZ63Gt8xfYNA6NktHjildJd5VpzdwPV06vLZALRE5Y4_Jf8iwnOO6bSpTXguthasLY1eV3R24QgBDVKZdivWnOlx2wLmu2BffQ2NoJKuIvNp_2Ch_MpomszWNpX2x5RT2fitef3guGhCpYhXeAZzdXA6ONA5G-Fs0J3zLWE_HYvcVmfZTURiYpLh_jewtKwrsGTtdphFf-sY3kq6BtE4glaeL7IM7S37VxwSqRIODIFkUZPsxCzNB2sNKHbpikhwx16rdDThWfV8olsBU-LA_DWd8RiOmvEUwgR33deZx0SsP_3JB7uE11sUEA02bOGsx1J3GHNnb9KLpDWQJMQ7yqTnafv9bzxBtw_g2UfK5uZpBAx7HoGTs-ATsGHfECQBPoxnxKEZpr_ttU9IjSQ2_0HMAEMdbmBdIh7ydZEu0Xc2SbiRv8iPnkv57c-RkvrLg7CFw_jfZfIfh5oSaxCDa506wg1QZz36nqFabgxOw5tAErfkDuGOuNcA6deARCAzPvral0RpDJ2AxBgP6rSLy0A5mIkQecnFBIqmLmQ3tRoHPLvmkPg8XQH19U8PbIn_w4CBju3k8mRZ1nuHIvW3hvXY3qKLjzXBQAvGioxVrDxy_p7Va0RU3ZLRkzYyNwQFjmwhwIeqdvmhx1qllqQoqDxrmD8bzZGa0NdEke40dMiz-JuqVQW9ejNTbB_y4pcvadgjj6KlIGpNTWRc1YO-aGgzmBv4v_gEGXP3o4Lat5pdADfX_3zgKGfdQqF5DORcuW87cG2bQVIgJrYDiqYWbm1Oo32bt4awbgwwuJNI9UHK6KVekgCeaWSEO41DAVdaU795EtqkPo3Dh9rV8EWf5LFotP2enxVP6oy8BKKHkYrkl1--OTj7-V6VvxPJ4pWQn1Yd7kw8vrSQDguFMxNrXJLEHxXw:0
[   50718ms] [WARNING] The resource https://cdn.consentmanager.net/delivery/js/cmp_en.min.js was preloaded using link preload but not used within a few seconds from the window's load event. Please make sure it has an appropriate `as` value and it is preloaded intentionally. @ https://www.procyclingstats.com/race/tour-de-france/2025/stages:0
[   54554ms] [WARNING] The resource https://cdn.consentmanager.net/delivery/js/cmp_en.min.js was preloaded using link preload but not used within a few seconds from the window's load event. Please make sure it has an appropriate `as` value and it is preloaded intentionally. @ https://www.procyclingstats.com/race/tour-de-france/2025/stages:0
[   64247ms] [WARNING] The resource https://cdn.consentmanager.net/delivery/js/cmp_en.min.js was preloaded using link preload but not used within a few seconds from the window's load event. Please make sure it has an appropriate `as` value and it is preloaded intentionally. @ https://www.procyclingstats.com/race/tour-de-france/2025/stages:0
[   76819ms] [ERROR] Failed to load resource: the server responded with a status of 400 () @ https://api.id5-sync.com/analytics/event:0
[    2184ms] [ERROR] Attestation check for Shared Storage on https://www.googleadservices.com failed. @ https://www.googleadservices.com/pagead/managed/js/activeview/current/reach_worklet.html:0
[    2218ms] [ERROR] Attestation check for Shared Storage on https://www.googleadservices.com failed. @ https://www.googleadservices.com/pagead/managed/js/activeview/current/reach_worklet.html:0
[    2280ms] [ERROR] Attestation check for Shared Storage on https://www.googleadservices.com failed. @ https://www.googleadservices.com/pagead/managed/js/activeview/current/reach_worklet.html:0
[    3346ms] [ERROR] Attestation check for Shared Storage on https://www.googleadservices.com failed. @ https://www.googleadservices.com/pagead/managed/js/activeview/current/reach_worklet.html:0
[   40223ms] [ERROR] Attestation check for Shared Storage on https://www.googleadservices.com failed. @ https://www.googleadservices.com/pagead/managed/js/activeview/current/reach_worklet.html:0
[   40640ms] [ERROR] Attestation check for Shared Storage on https://www.googleadservices.com failed. @ https://www.googleadservices.com/pagead/managed/js/activeview/current/reach_worklet.html:0
[   41023ms] [ERROR] Attestation check for Shared Storage on https://www.googleadservices.com failed. @ https://www.googleadservices.com/pagead/managed/js/activeview/current/reach_worklet.html:0
[   77643ms] [ERROR] Attestation check for Shared Storage on https://www.googleadservices.com failed. @ https://www.googleadservices.com/pagead/managed/js/activeview/current/reach_worklet.html:0
[   41182ms] [ERROR] Refused to apply style from 'https://s0.2mdn.net/sadbundle/16782878981550345765/videoInterface.css' because its MIME type ('image/gif') is not a supported stylesheet MIME type, and strict MIME checking is enabled. @ https://s0.2mdn.net/sadbundle/16782878981550345765/index.html?ev=01_262:0
[    2184ms] [ERROR] Attestation check for Shared Storage on https://www.googleadservices.com failed. @ https://www.googleadservices.com/pagead/managed/js/activeview/current/reach_worklet.html:0
[    2218ms] [ERROR] Attestation check for Shared Storage on https://www.googleadservices.com failed. @ https://www.googleadservices.com/pagead/managed/js/activeview/current/reach_worklet.html:0
[    2280ms] [ERROR] Attestation check for Shared Storage on https://www.googleadservices.com failed. @ https://www.googleadservices.com/pagead/managed/js/activeview/current/reach_worklet.html:0
[    3346ms] [ERROR] Attestation check for Shared Storage on https://www.googleadservices.com failed. @ https://www.googleadservices.com/pagead/managed/js/activeview/current/reach_worklet.html:0
[   40223ms] [ERROR] Attestation check for Shared Storage on https://www.googleadservices.com failed. @ https://www.googleadservices.com/pagead/managed/js/activeview/current/reach_worklet.html:0
[   40640ms] [ERROR] Attestation check for Shared Storage on https://www.googleadservices.com failed. @ https://www.googleadservices.com/pagead/managed/js/activeview/current/reach_worklet.html:0
[   41023ms] [ERROR] Attestation check for Shared Storage on https://www.googleadservices.com failed. @ https://www.googleadservices.com/pagead/managed/js/activeview/current/reach_worklet.html:0
[   77643ms] [ERROR] Attestation check for Shared Storage on https://www.googleadservices.com failed. @ https://www.googleadservices.com/pagead/managed/js/activeview/current/reach_worklet.html:0
[   77843ms] [ERROR] Attestation check for Shared Storage on https://www.googleadservices.com failed. @ https://www.googleadservices.com/pagead/managed/js/activeview/current/reach_worklet.html:0
[   81879ms] [WARNING] The resource https://cdn.consentmanager.net/delivery/js/cmp_en.min.js was preloaded using link preload but not used within a few seconds from the window's load event. Please make sure it has an appropriate `as` value and it is preloaded intentionally. @ https://www.procyclingstats.com/race/tour-de-france/2025/stages:0
[   90746ms] [WARNING] The resource https://cdn.consentmanager.net/delivery/js/cmp_en.min.js was preloaded using link preload but not used within a few seconds from the window's load event. Please make sure it has an appropriate `as` value and it is preloaded intentionally. @ https://www.procyclingstats.com/race/tour-de-france/2025/stages:0
[   94254ms] [WARNING] The resource https://cdn.consentmanager.net/delivery/js/cmp_en.min.js was preloaded using link preload but not used within a few seconds from the window's load event. Please make sure it has an appropriate `as` value and it is preloaded intentionally. @ https://www.procyclingstats.com/race/tour-de-france/2025/stages:0
[  106639ms] [WARNING] The resource https://cdn.consentmanager.net/delivery/js/cmp_en.min.js was preloaded using link preload but not used within a few seconds from the window's load event. Please make sure it has an appropriate `as` value and it is preloaded intentionally. @ https://www.procyclingstats.com/race/tour-de-france/2025/stages:0
[  111710ms] [WARNING] The resource https://cdn.consentmanager.net/delivery/js/cmp_en.min.js was preloaded using link preload but not used within a few seconds from the window's load event. Please make sure it has an appropriate `as` value and it is preloaded intentionally. @ https://www.procyclingstats.com/race/tour-de-france/2025/stages:0
[  114239ms] [ERROR] Failed to load resource: the server responded with a status of 400 () @ https://api.id5-sync.com/analytics/event:0
[   41182ms] [ERROR] Refused to apply style from 'https://s0.2mdn.net/sadbundle/16782878981550345765/videoInterface.css' because its MIME type ('image/gif') is not a supported stylesheet MIME type, and strict MIME checking is enabled. @ https://s0.2mdn.net/sadbundle/16782878981550345765/index.html?ev=01_262:0
[    2184ms] [ERROR] Attestation check for Shared Storage on https://www.googleadservices.com failed. @ https://www.googleadservices.com/pagead/managed/js/activeview/current/reach_worklet.html:0
[    2218ms] [ERROR] Attestation check for Shared Storage on https://www.googleadservices.com failed. @ https://www.googleadservices.com/pagead/managed/js/activeview/current/reach_worklet.html:0
[    2280ms] [ERROR] Attestation check for Shared Storage on https://www.googleadservices.com failed. @ https://www.googleadservices.com/pagead/managed/js/activeview/current/reach_worklet.html:0
[    3346ms] [ERROR] Attestation check for Shared Storage on https://www.googleadservices.com failed. @ https://www.googleadservices.com/pagead/managed/js/activeview/current/reach_worklet.html:0
[   40223ms] [ERROR] Attestation check for Shared Storage on https://www.googleadservices.com failed. @ https://www.googleadservices.com/pagead/managed/js/activeview/current/reach_worklet.html:0
[   40640ms] [ERROR] Attestation check for Shared Storage on https://www.googleadservices.com failed. @ https://www.googleadservices.com/pagead/managed/js/activeview/current/reach_worklet.html:0
[   41023ms] [ERROR] Attestation check for Shared Storage on https://www.googleadservices.com failed. @ https://www.googleadservices.com/pagead/managed/js/activeview/current/reach_worklet.html:0
[   77643ms] [ERROR] Attestation check for Shared Storage on https://www.googleadservices.com failed. @ https://www.googleadservices.com/pagead/managed/js/activeview/current/reach_worklet.html:0
[   77843ms] [ERROR] Attestation check for Shared Storage on https://www.googleadservices.com failed. @ https://www.googleadservices.com/pagead/managed/js/activeview/current/reach_worklet.html:0
[  114677ms] [ERROR] Attestation check for Attribution Reporting on https://ad.doubleclick.net failed. @ https://www.procyclingstats.com/race/tour-de-france/2025/stages:0
[  114713ms] [ERROR] Attestation check for Shared Storage on https://www.googleadservices.com failed. @ https://www.googleadservices.com/pagead/managed/js/activeview/current/reach_worklet.html:0
[  114722ms] [ERROR] Attestation check for Attribution Reporting on https://ad.doubleclick.net failed. @ https://www.procyclingstats.com/race/tour-de-france/2025/stages:0
[  123973ms] [WARNING] The resource https://cdn.consentmanager.net/delivery/js/cmp_en.min.js was preloaded using link preload but not used within a few seconds from the window's load event. Please make sure it has an appropriate `as` value and it is preloaded intentionally. @ https://www.procyclingstats.com/race/tour-de-france/2025/stages:0
[  128661ms] [WARNING] The resource https://cdn.consentmanager.net/delivery/js/cmp_en.min.js was preloaded using link preload but not used within a few seconds from the window's load event. Please make sure it has an appropriate `as` value and it is preloaded intentionally. @ https://www.procyclingstats.com/race/tour-de-france/2025/stages:0
[  134247ms] [WARNING] The resource https://cdn.consentmanager.net/delivery/js/cmp_en.min.js was preloaded using link preload but not used within a few seconds from the window's load event. Please make sure it has an appropriate `as` value and it is preloaded intentionally. @ https://www.procyclingstats.com/race/tour-de-france/2025/stages:0
[  143808ms] [WARNING] The resource https://cdn.consentmanager.net/delivery/js/cmp_en.min.js was preloaded using link preload but not used within a few seconds from the window's load event. Please make sure it has an appropriate `as` value and it is preloaded intentionally. @ https://www.procyclingstats.com/race/tour-de-france/2025/stages:0
[  149222ms] [WARNING] The resource https://cdn.consentmanager.net/delivery/js/cmp_en.min.js was preloaded using link preload but not used within a few seconds from the window's load event. Please make sure it has an appropriate `as` value and it is preloaded intentionally. @ https://www.procyclingstats.com/race/tour-de-france/2025/stages:0
[  152428ms] [ERROR] Failed to load resource: the server responded with a status of 400 () @ https://api.id5-sync.com/analytics/event:0
[   41182ms] [ERROR] Refused to apply style from 'https://s0.2mdn.net/sadbundle/16782878981550345765/videoInterface.css' because its MIME type ('image/gif') is not a supported stylesheet MIME type, and strict MIME checking is enabled. @ https://s0.2mdn.net/sadbundle/16782878981550345765/index.html?ev=01_262:0
[    2184ms] [ERROR] Attestation check for Shared Storage on https://www.googleadservices.com failed. @ https://www.googleadservices.com/pagead/managed/js/activeview/current/reach_worklet.html:0
[    2218ms] [ERROR] Attestation check for Shared Storage on https://www.googleadservices.com failed. @ https://www.googleadservices.com/pagead/managed/js/activeview/current/reach_worklet.html:0
[    2280ms] [ERROR] Attestation check for Shared Storage on https://www.googleadservices.com failed. @ https://www.googleadservices.com/pagead/managed/js/activeview/current/reach_worklet.html:0
[    3346ms] [ERROR] Attestation check for Shared Storage on https://www.googleadservices.com failed. @ https://www.googleadservices.com/pagead/managed/js/activeview/current/reach_worklet.html:0
[   40223ms] [ERROR] Attestation check for Shared Storage on https://www.googleadservices.com failed. @ https://www.googleadservices.com/pagead/managed/js/activeview/current/reach_worklet.html:0
[   40640ms] [ERROR] Attestation check for Shared Storage on https://www.googleadservices.com failed. @ https://www.googleadservices.com/pagead/managed/js/activeview/current/reach_worklet.html:0
[   41023ms] [ERROR] Attestation check for Shared Storage on https://www.googleadservices.com failed. @ https://www.googleadservices.com/pagead/managed/js/activeview/current/reach_worklet.html:0
[   77643ms] [ERROR] Attestation check for Shared Storage on https://www.googleadservices.com failed. @ https://www.googleadservices.com/pagead/managed/js/activeview/current/reach_worklet.html:0
[   77843ms] [ERROR] Attestation check for Shared Storage on https://www.googleadservices.com failed. @ https://www.googleadservices.com/pagead/managed/js/activeview/current/reach_worklet.html:0
[  114713ms] [ERROR] Attestation check for Shared Storage on https://www.googleadservices.com failed. @ https://www.googleadservices.com/pagead/managed/js/activeview/current/reach_worklet.html:0
[  152964ms] [ERROR] Attestation check for Attribution Reporting on https://ad.doubleclick.net failed. @ https://www.procyclingstats.com/race/tour-de-france/2025/stages:0
[  153012ms] [ERROR] Attestation check for Attribution Reporting on https://ad.doubleclick.net failed. @ https://www.procyclingstats.com/race/tour-de-france/2025/stages:0
[  153018ms] [ERROR] Attestation check for Shared Storage on https://www.googleadservices.com failed. @ https://www.googleadservices.com/pagead/managed/js/activeview/current/reach_worklet.html:0
[  158780ms] [WARNING] The resource https://cdn.consentmanager.net/delivery/js/cmp_en.min.js was preloaded using link preload but not used within a few seconds from the window's load event. Please make sure it has an appropriate `as` value and it is preloaded intentionally. @ https://www.procyclingstats.com/race/tour-de-france/2025/stages:0
[  166934ms] [WARNING] The resource https://cdn.consentmanager.net/delivery/js/cmp_en.min.js was preloaded using link preload but not used within a few seconds from the window's load event. Please make sure it has an appropriate `as` value and it is preloaded intentionally. @ https://www.procyclingstats.com/race/tour-de-france/2025/stages:0
[  172411ms] [WARNING] The resource https://cdn.consentmanager.net/delivery/js/cmp_en.min.js was preloaded using link preload but not used within a few seconds from the window's load event. Please make sure it has an appropriate `as` value and it is preloaded intentionally. @ https://www.procyclingstats.com/race/tour-de-france/2025/stages:0
[  182079ms] [WARNING] The resource https://cdn.consentmanager.net/delivery/js/cmp_en.min.js was preloaded using link preload but not used within a few seconds from the window's load event. Please make sure it has an appropriate `as` value and it is preloaded intentionally. @ https://www.procyclingstats.com/race/tour-de-france/2025/stages:0
[  187502ms] [WARNING] The resource https://cdn.consentmanager.net/delivery/js/cmp_en.min.js was preloaded using link preload but not used within a few seconds from the window's load event. Please make sure it has an appropriate `as` value and it is preloaded intentionally. @ https://www.procyclingstats.com/race/tour-de-france/2025/stages:0
[  190614ms] [ERROR] Failed to load resource: the server responded with a status of 400 () @ https://api.id5-sync.com/analytics/event:0
[   41182ms] [ERROR] Refused to apply style from 'https://s0.2mdn.net/sadbundle/16782878981550345765/videoInterface.css' because its MIME type ('image/gif') is not a supported stylesheet MIME type, and strict MIME checking is enabled. @ https://s0.2mdn.net/sadbundle/16782878981550345765/index.html?ev=01_262:0
[    2184ms] [ERROR] Attestation check for Shared Storage on https://www.googleadservices.com failed. @ https://www.googleadservices.com/pagead/managed/js/activeview/current/reach_worklet.html:0
[    2218ms] [ERROR] Attestation check for Shared Storage on https://www.googleadservices.com failed. @ https://www.googleadservices.com/pagead/managed/js/activeview/current/reach_worklet.html:0
[    2280ms] [ERROR] Attestation check for Shared Storage on https://www.googleadservices.com failed. @ https://www.googleadservices.com/pagead/managed/js/activeview/current/reach_worklet.html:0
[    3346ms] [ERROR] Attestation check for Shared Storage on https://www.googleadservices.com failed. @ https://www.googleadservices.com/pagead/managed/js/activeview/current/reach_worklet.html:0
[   40223ms] [ERROR] Attestation check for Shared Storage on https://www.googleadservices.com failed. @ https://www.googleadservices.com/pagead/managed/js/activeview/current/reach_worklet.html:0
[   40640ms] [ERROR] Attestation check for Shared Storage on https://www.googleadservices.com failed. @ https://www.googleadservices.com/pagead/managed/js/activeview/current/reach_worklet.html:0
[   41023ms] [ERROR] Attestation check for Shared Storage on https://www.googleadservices.com failed. @ https://www.googleadservices.com/pagead/managed/js/activeview/current/reach_worklet.html:0
[   77643ms] [ERROR] Attestation check for Shared Storage on https://www.googleadservices.com failed. @ https://www.googleadservices.com/pagead/managed/js/activeview/current/reach_worklet.html:0
[   77843ms] [ERROR] Attestation check for Shared Storage on https://www.googleadservices.com failed. @ https://www.googleadservices.com/pagead/managed/js/activeview/current/reach_worklet.html:0
[  114713ms] [ERROR] Attestation check for Shared Storage on https://www.googleadservices.com failed. @ https://www.googleadservices.com/pagead/managed/js/activeview/current/reach_worklet.html:0
[  153018ms] [ERROR] Attestation check for Shared Storage on https://www.googleadservices.com failed. @ https://www.googleadservices.com/pagead/managed/js/activeview/current/reach_worklet.html:0
[  191098ms] [ERROR] Attestation check for Attribution Reporting on https://ad.doubleclick.net failed. @ https://www.procyclingstats.com/race/tour-de-france/2025/stages:0
[  191198ms] [ERROR] Attestation check for Shared Storage on https://www.googleadservices.com failed. @ https://www.googleadservices.com/pagead/managed/js/activeview/current/reach_worklet.html:0
[  191199ms] [ERROR] Attestation check for Attribution Reporting on https://ad.doubleclick.net failed. @ https://www.procyclingstats.com/race/tour-de-france/2025/stages:0
[  200399ms] [WARNING] The resource https://cdn.consentmanager.net/delivery/js/cmp_en.min.js was preloaded using link preload but not used within a few seconds from the window's load event. Please make sure it has an appropriate `as` value and it is preloaded intentionally. @ https://www.procyclingstats.com/race/tour-de-france/2025/stages:0
[  205162ms] [WARNING] The resource https://cdn.consentmanager.net/delivery/js/cmp_en.min.js was preloaded using link preload but not used within a few seconds from the window's load event. Please make sure it has an appropriate `as` value and it is preloaded intentionally. @ https://www.procyclingstats.com/race/tour-de-france/2025/stages:0
[  210616ms] [WARNING] The resource https://cdn.consentmanager.net/delivery/js/cmp_en.min.js was preloaded using link preload but not used within a few seconds from the window's load event. Please make sure it has an appropriate `as` value and it is preloaded intentionally. @ https://www.procyclingstats.com/race/tour-de-france/2025/stages:0
[  220311ms] [WARNING] The resource https://cdn.consentmanager.net/delivery/js/cmp_en.min.js was preloaded using link preload but not used within a few seconds from the window's load event. Please make sure it has an appropriate `as` value and it is preloaded intentionally. @ https://www.procyclingstats.com/race/tour-de-france/2025/stages:0
